ARM GAS  C:\Users\au485450\AppData\Local\Temp\ccb0bzz4.s 			page 1


   1              		.syntax unified
   2              		.cpu cortex-m3
   3              		.fpu softvfp
   4              		.eabi_attribute 20, 1
   5              		.eabi_attribute 21, 1
   6              		.eabi_attribute 23, 3
   7              		.eabi_attribute 24, 1
   8              		.eabi_attribute 25, 1
   9              		.eabi_attribute 26, 1
  10              		.eabi_attribute 30, 1
  11              		.eabi_attribute 34, 1
  12              		.eabi_attribute 18, 4
  13              		.thumb
  14              		.syntax unified
  15              		.file	"cymetadata.c"
  16              		.text
  17              	.Ltext0:
  18              		.cfi_sections	.debug_frame
  19              		.global	cy_metadata
  20              		.global	cy_meta_flashprotect
  21              		.global	cy_meta_wonvl
  22              		.global	cy_meta_custnvl
  23              		.global	cy_meta_configecc
  24              		.section	.cyconfigecc,"a",%progbits
  25              		.align	2
  26              		.type	cy_meta_configecc, %object
  27              		.size	cy_meta_configecc, 1060
  28              	cy_meta_configecc:
  29 0000 03       		.byte	3
  30 0001 52       		.byte	82
  31 0002 00       		.byte	0
  32 0003 40       		.byte	64
  33 0004 02       		.byte	2
  34 0005 64       		.byte	100
  35 0006 00       		.byte	0
  36 0007 40       		.byte	64
  37 0008 02       		.byte	2
  38 0009 65       		.byte	101
  39 000a 00       		.byte	0
  40 000b 40       		.byte	64
  41 000c 01       		.byte	1
  42 000d 07       		.byte	7
  43 000e 01       		.byte	1
  44 000f 40       		.byte	64
  45 0010 0E       		.byte	14
  46 0011 08       		.byte	8
  47 0012 01       		.byte	1
  48 0013 40       		.byte	64
  49 0014 34       		.byte	52
  50 0015 09       		.byte	9
  51 0016 01       		.byte	1
  52 0017 40       		.byte	64
  53 0018 02       		.byte	2
  54 0019 0B       		.byte	11
  55 001a 01       		.byte	1
  56 001b 40       		.byte	64
  57 001c 62       		.byte	98
ARM GAS  C:\Users\au485450\AppData\Local\Temp\ccb0bzz4.s 			page 2


  58 001d 18       		.byte	24
  59 001e 01       		.byte	1
  60 001f 40       		.byte	64
  61 0020 3D       		.byte	61
  62 0021 19       		.byte	25
  63 0022 01       		.byte	1
  64 0023 40       		.byte	64
  65 0024 4C       		.byte	76
  66 0025 1A       		.byte	26
  67 0026 01       		.byte	1
  68 0027 40       		.byte	64
  69 0028 4D       		.byte	77
  70 0029 1B       		.byte	27
  71 002a 01       		.byte	1
  72 002b 40       		.byte	64
  73 002c 02       		.byte	2
  74 002d 40       		.byte	64
  75 002e 01       		.byte	1
  76 002f 40       		.byte	64
  77 0030 01       		.byte	1
  78 0031 41       		.byte	65
  79 0032 01       		.byte	1
  80 0033 40       		.byte	64
  81 0034 01       		.byte	1
  82 0035 42       		.byte	66
  83 0036 01       		.byte	1
  84 0037 40       		.byte	64
  85 0038 03       		.byte	3
  86 0039 43       		.byte	67
  87 003a 01       		.byte	1
  88 003b 40       		.byte	64
  89 003c 02       		.byte	2
  90 003d 45       		.byte	69
  91 003e 01       		.byte	1
  92 003f 40       		.byte	64
  93 0040 02       		.byte	2
  94 0041 46       		.byte	70
  95 0042 01       		.byte	1
  96 0043 40       		.byte	64
  97 0044 07       		.byte	7
  98 0045 4D       		.byte	77
  99 0046 01       		.byte	1
 100 0047 40       		.byte	64
 101 0048 04       		.byte	4
 102 0049 50       		.byte	80
 103 004a 01       		.byte	1
 104 004b 40       		.byte	64
 105 004c 01       		.byte	1
 106 004d 51       		.byte	81
 107 004e 01       		.byte	1
 108 004f 40       		.byte	64
 109 0050 10       		.byte	16
 110 0051 02       		.byte	2
 111 0052 61       		.byte	97
 112 0053 80       		.byte	-128
 113 0054 64       		.byte	100
 114 0055 40       		.byte	64
ARM GAS  C:\Users\au485450\AppData\Local\Temp\ccb0bzz4.s 			page 3


 115 0056 88       		.byte	-120
 116 0057 38       		.byte	56
 117 0058 89       		.byte	-119
 118 0059 0D       		.byte	13
 119 005a 88       		.byte	-120
 120 005b 0F       		.byte	15
 121 005c 8A       		.byte	-118
 122 005d 72       		.byte	114
 123 005e E6       		.byte	-26
 124 005f 02       		.byte	2
 125 0060 0E       		.byte	14
 126 0061 01       		.byte	1
 127 0062 1E       		.byte	30
 128 0063 03       		.byte	3
 129 0064 23       		.byte	35
 130 0065 01       		.byte	1
 131 0066 2C       		.byte	44
 132 0067 02       		.byte	2
 133 0068 31       		.byte	49
 134 0069 01       		.byte	1
 135 006a 34       		.byte	52
 136 006b 01       		.byte	1
 137 006c 36       		.byte	54
 138 006d 02       		.byte	2
 139 006e 54       		.byte	84
 140 006f 18       		.byte	24
 141 0070 56       		.byte	86
 142 0071 04       		.byte	4
 143 0072 58       		.byte	88
 144 0073 04       		.byte	4
 145 0074 59       		.byte	89
 146 0075 04       		.byte	4
 147 0076 5B       		.byte	91
 148 0077 04       		.byte	4
 149 0078 5C       		.byte	92
 150 0079 11       		.byte	17
 151 007a 5F       		.byte	95
 152 007b 01       		.byte	1
 153 007c 00       		.byte	0
 154 007d 0A       		.byte	10
 155 007e 01       		.byte	1
 156 007f 80       		.byte	-128
 157 0080 03       		.byte	3
 158 0081 08       		.byte	8
 159 0082 05       		.byte	5
 160 0083 80       		.byte	-128
 161 0084 09       		.byte	9
 162 0085 28       		.byte	40
 163 0086 0B       		.byte	11
 164 0087 01       		.byte	1
 165 0088 0C       		.byte	12
 166 0089 40       		.byte	64
 167 008a 12       		.byte	18
 168 008b 99       		.byte	-103
 169 008c 17       		.byte	23
 170 008d 80       		.byte	-128
 171 008e 18       		.byte	24
ARM GAS  C:\Users\au485450\AppData\Local\Temp\ccb0bzz4.s 			page 4


 172 008f 41       		.byte	65
 173 0090 19       		.byte	25
 174 0091 20       		.byte	32
 175 0092 1B       		.byte	27
 176 0093 08       		.byte	8
 177 0094 1D       		.byte	29
 178 0095 40       		.byte	64
 179 0096 1E       		.byte	30
 180 0097 08       		.byte	8
 181 0098 20       		.byte	32
 182 0099 08       		.byte	8
 183 009a 22       		.byte	34
 184 009b 11       		.byte	17
 185 009c 23       		.byte	35
 186 009d 10       		.byte	16
 187 009e 27       		.byte	39
 188 009f 80       		.byte	-128
 189 00a0 29       		.byte	41
 190 00a1 10       		.byte	16
 191 00a2 2A       		.byte	42
 192 00a3 01       		.byte	1
 193 00a4 2C       		.byte	44
 194 00a5 40       		.byte	64
 195 00a6 2F       		.byte	47
 196 00a7 40       		.byte	64
 197 00a8 30       		.byte	48
 198 00a9 80       		.byte	-128
 199 00aa 31       		.byte	49
 200 00ab 04       		.byte	4
 201 00ac 32       		.byte	50
 202 00ad 11       		.byte	17
 203 00ae 33       		.byte	51
 204 00af 01       		.byte	1
 205 00b0 38       		.byte	56
 206 00b1 94       		.byte	-108
 207 00b2 39       		.byte	57
 208 00b3 02       		.byte	2
 209 00b4 40       		.byte	64
 210 00b5 15       		.byte	21
 211 00b6 41       		.byte	65
 212 00b7 28       		.byte	40
 213 00b8 43       		.byte	67
 214 00b9 01       		.byte	1
 215 00ba 4A       		.byte	74
 216 00bb 82       		.byte	-126
 217 00bc 50       		.byte	80
 218 00bd 40       		.byte	64
 219 00be 58       		.byte	88
 220 00bf 08       		.byte	8
 221 00c0 59       		.byte	89
 222 00c1 41       		.byte	65
 223 00c2 5F       		.byte	95
 224 00c3 02       		.byte	2
 225 00c4 65       		.byte	101
 226 00c5 20       		.byte	32
 227 00c6 66       		.byte	102
 228 00c7 40       		.byte	64
ARM GAS  C:\Users\au485450\AppData\Local\Temp\ccb0bzz4.s 			page 5


 229 00c8 67       		.byte	103
 230 00c9 40       		.byte	64
 231 00ca 71       		.byte	113
 232 00cb 02       		.byte	2
 233 00cc 87       		.byte	-121
 234 00cd 40       		.byte	64
 235 00ce A6       		.byte	-90
 236 00cf 04       		.byte	4
 237 00d0 C0       		.byte	-64
 238 00d1 8F       		.byte	-113
 239 00d2 C2       		.byte	-62
 240 00d3 87       		.byte	-121
 241 00d4 C4       		.byte	-60
 242 00d5 8F       		.byte	-113
 243 00d6 CA       		.byte	-54
 244 00d7 85       		.byte	-123
 245 00d8 CC       		.byte	-52
 246 00d9 0F       		.byte	15
 247 00da CE       		.byte	-50
 248 00db 0F       		.byte	15
 249 00dc D0       		.byte	-48
 250 00dd 0F       		.byte	15
 251 00de D2       		.byte	-46
 252 00df 08       		.byte	8
 253 00e0 D6       		.byte	-42
 254 00e1 8B       		.byte	-117
 255 00e2 D8       		.byte	-40
 256 00e3 B0       		.byte	-80
 257 00e4 A6       		.byte	-90
 258 00e5 04       		.byte	4
 259 00e6 B6       		.byte	-74
 260 00e7 04       		.byte	4
 261 00e8 04       		.byte	4
 262 00e9 11       		.byte	17
 263 00ea 05       		.byte	5
 264 00eb 4A       		.byte	74
 265 00ec 06       		.byte	6
 266 00ed 06       		.byte	6
 267 00ee 07       		.byte	7
 268 00ef 34       		.byte	52
 269 00f0 08       		.byte	8
 270 00f1 20       		.byte	32
 271 00f2 0A       		.byte	10
 272 00f3 03       		.byte	3
 273 00f4 0B       		.byte	11
 274 00f5 40       		.byte	64
 275 00f6 0C       		.byte	12
 276 00f7 11       		.byte	17
 277 00f8 0E       		.byte	14
 278 00f9 0E       		.byte	14
 279 00fa 15       		.byte	21
 280 00fb 13       		.byte	19
 281 00fc 16       		.byte	22
 282 00fd 0C       		.byte	12
 283 00fe 17       		.byte	23
 284 00ff 2C       		.byte	44
 285 0100 18       		.byte	24
ARM GAS  C:\Users\au485450\AppData\Local\Temp\ccb0bzz4.s 			page 6


 286 0101 0C       		.byte	12
 287 0102 1A       		.byte	26
 288 0103 13       		.byte	19
 289 0104 1B       		.byte	27
 290 0105 48       		.byte	72
 291 0106 1D       		.byte	29
 292 0107 13       		.byte	19
 293 0108 1F       		.byte	31
 294 0109 64       		.byte	100
 295 010a 25       		.byte	37
 296 010b 03       		.byte	3
 297 010c 26       		.byte	38
 298 010d 08       		.byte	8
 299 010e 27       		.byte	39
 300 010f 14       		.byte	20
 301 0110 2B       		.byte	43
 302 0111 35       		.byte	53
 303 0112 31       		.byte	49
 304 0113 10       		.byte	16
 305 0114 32       		.byte	50
 306 0115 30       		.byte	48
 307 0116 33       		.byte	51
 308 0117 0F       		.byte	15
 309 0118 34       		.byte	52
 310 0119 0F       		.byte	15
 311 011a 37       		.byte	55
 312 011b 68       		.byte	104
 313 011c 38       		.byte	56
 314 011d 08       		.byte	8
 315 011e 3A       		.byte	58
 316 011f 20       		.byte	32
 317 0120 3B       		.byte	59
 318 0121 88       		.byte	-120
 319 0122 3F       		.byte	63
 320 0123 01       		.byte	1
 321 0124 40       		.byte	64
 322 0125 01       		.byte	1
 323 0126 46       		.byte	70
 324 0127 40       		.byte	64
 325 0128 49       		.byte	73
 326 0129 FF       		.byte	-1
 327 012a 4A       		.byte	74
 328 012b 07       		.byte	7
 329 012c 4B       		.byte	75
 330 012d FF       		.byte	-1
 331 012e 4C       		.byte	76
 332 012f 40       		.byte	64
 333 0130 4D       		.byte	77
 334 0131 20       		.byte	32
 335 0132 4E       		.byte	78
 336 0133 F0       		.byte	-16
 337 0134 4F       		.byte	79
 338 0135 05       		.byte	5
 339 0136 50       		.byte	80
 340 0137 08       		.byte	8
 341 0138 54       		.byte	84
 342 0139 01       		.byte	1
ARM GAS  C:\Users\au485450\AppData\Local\Temp\ccb0bzz4.s 			page 7


 343 013a 58       		.byte	88
 344 013b 04       		.byte	4
 345 013c 59       		.byte	89
 346 013d 04       		.byte	4
 347 013e 5A       		.byte	90
 348 013f 04       		.byte	4
 349 0140 5B       		.byte	91
 350 0141 04       		.byte	4
 351 0142 5F       		.byte	95
 352 0143 01       		.byte	1
 353 0144 60       		.byte	96
 354 0145 40       		.byte	64
 355 0146 61       		.byte	97
 356 0147 A8       		.byte	-88
 357 0148 62       		.byte	98
 358 0149 40       		.byte	64
 359 014a 63       		.byte	99
 360 014b 20       		.byte	32
 361 014c 81       		.byte	-127
 362 014d 48       		.byte	72
 363 014e 83       		.byte	-125
 364 014f 02       		.byte	2
 365 0150 85       		.byte	-123
 366 0151 60       		.byte	96
 367 0152 89       		.byte	-119
 368 0153 1E       		.byte	30
 369 0154 8F       		.byte	-113
 370 0155 60       		.byte	96
 371 0156 91       		.byte	-111
 372 0157 60       		.byte	96
 373 0158 92       		.byte	-110
 374 0159 01       		.byte	1
 375 015a 95       		.byte	-107
 376 015b 62       		.byte	98
 377 015c 97       		.byte	-105
 378 015d 0C       		.byte	12
 379 015e 99       		.byte	-103
 380 015f 1E       		.byte	30
 381 0160 9D       		.byte	-99
 382 0161 10       		.byte	16
 383 0162 A1       		.byte	-95
 384 0163 01       		.byte	1
 385 0164 A5       		.byte	-91
 386 0165 24       		.byte	36
 387 0166 A7       		.byte	-89
 388 0167 02       		.byte	2
 389 0168 AB       		.byte	-85
 390 0169 60       		.byte	96
 391 016a AF       		.byte	-81
 392 016b 60       		.byte	96
 393 016c B1       		.byte	-79
 394 016d 10       		.byte	16
 395 016e B3       		.byte	-77
 396 016f 0E       		.byte	14
 397 0170 B5       		.byte	-75
 398 0171 01       		.byte	1
 399 0172 B6       		.byte	-74
ARM GAS  C:\Users\au485450\AppData\Local\Temp\ccb0bzz4.s 			page 8


 400 0173 01       		.byte	1
 401 0174 B7       		.byte	-73
 402 0175 60       		.byte	96
 403 0176 BF       		.byte	-65
 404 0177 10       		.byte	16
 405 0178 C0       		.byte	-64
 406 0179 50       		.byte	80
 407 017a C1       		.byte	-63
 408 017b 06       		.byte	6
 409 017c C5       		.byte	-59
 410 017d D0       		.byte	-48
 411 017e C6       		.byte	-58
 412 017f 21       		.byte	33
 413 0180 C8       		.byte	-56
 414 0181 0E       		.byte	14
 415 0182 C9       		.byte	-55
 416 0183 FF       		.byte	-1
 417 0184 CA       		.byte	-54
 418 0185 FF       		.byte	-1
 419 0186 CB       		.byte	-53
 420 0187 FF       		.byte	-1
 421 0188 CD       		.byte	-51
 422 0189 A0       		.byte	-96
 423 018a CF       		.byte	-49
 424 018b 04       		.byte	4
 425 018c D0       		.byte	-48
 426 018d 18       		.byte	24
 427 018e D8       		.byte	-40
 428 018f 04       		.byte	4
 429 0190 D9       		.byte	-39
 430 0191 04       		.byte	4
 431 0192 DA       		.byte	-38
 432 0193 04       		.byte	4
 433 0194 DC       		.byte	-36
 434 0195 01       		.byte	1
 435 0196 DD       		.byte	-35
 436 0197 01       		.byte	1
 437 0198 DF       		.byte	-33
 438 0199 01       		.byte	1
 439 019a E0       		.byte	-32
 440 019b 40       		.byte	64
 441 019c E2       		.byte	-30
 442 019d C0       		.byte	-64
 443 019e E4       		.byte	-28
 444 019f 40       		.byte	64
 445 01a0 E5       		.byte	-27
 446 01a1 40       		.byte	64
 447 01a2 E6       		.byte	-26
 448 01a3 C0       		.byte	-64
 449 01a4 E8       		.byte	-24
 450 01a5 C0       		.byte	-64
 451 01a6 EA       		.byte	-22
 452 01a7 C0       		.byte	-64
 453 01a8 EC       		.byte	-20
 454 01a9 C0       		.byte	-64
 455 01aa EE       		.byte	-18
 456 01ab C0       		.byte	-64
ARM GAS  C:\Users\au485450\AppData\Local\Temp\ccb0bzz4.s 			page 9


 457 01ac 06       		.byte	6
 458 01ad 08       		.byte	8
 459 01ae 07       		.byte	7
 460 01af 21       		.byte	33
 461 01b0 09       		.byte	9
 462 01b1 02       		.byte	2
 463 01b2 0E       		.byte	14
 464 01b3 24       		.byte	36
 465 01b4 16       		.byte	22
 466 01b5 20       		.byte	32
 467 01b6 19       		.byte	25
 468 01b7 80       		.byte	-128
 469 01b8 1E       		.byte	30
 470 01b9 24       		.byte	36
 471 01ba 21       		.byte	33
 472 01bb 01       		.byte	1
 473 01bc 22       		.byte	34
 474 01bd 0A       		.byte	10
 475 01be 23       		.byte	35
 476 01bf 46       		.byte	70
 477 01c0 26       		.byte	38
 478 01c1 84       		.byte	-124
 479 01c2 27       		.byte	39
 480 01c3 A1       		.byte	-95
 481 01c4 28       		.byte	40
 482 01c5 20       		.byte	32
 483 01c6 29       		.byte	41
 484 01c7 22       		.byte	34
 485 01c8 2A       		.byte	42
 486 01c9 02       		.byte	2
 487 01ca 2B       		.byte	43
 488 01cb 02       		.byte	2
 489 01cc 2F       		.byte	47
 490 01cd 28       		.byte	40
 491 01ce 30       		.byte	48
 492 01cf 01       		.byte	1
 493 01d0 32       		.byte	50
 494 01d1 48       		.byte	72
 495 01d2 33       		.byte	51
 496 01d3 10       		.byte	16
 497 01d4 36       		.byte	54
 498 01d5 94       		.byte	-108
 499 01d6 38       		.byte	56
 500 01d7 04       		.byte	4
 501 01d8 39       		.byte	57
 502 01d9 20       		.byte	32
 503 01da 3B       		.byte	59
 504 01db 41       		.byte	65
 505 01dc 3E       		.byte	62
 506 01dd 24       		.byte	36
 507 01de 47       		.byte	71
 508 01df 40       		.byte	64
 509 01e0 49       		.byte	73
 510 01e1 81       		.byte	-127
 511 01e2 4B       		.byte	75
 512 01e3 20       		.byte	32
 513 01e4 52       		.byte	82
ARM GAS  C:\Users\au485450\AppData\Local\Temp\ccb0bzz4.s 			page 10


 514 01e5 10       		.byte	16
 515 01e6 53       		.byte	83
 516 01e7 50       		.byte	80
 517 01e8 56       		.byte	86
 518 01e9 28       		.byte	40
 519 01ea 57       		.byte	87
 520 01eb 08       		.byte	8
 521 01ec 59       		.byte	89
 522 01ed 20       		.byte	32
 523 01ee 5A       		.byte	90
 524 01ef 20       		.byte	32
 525 01f0 5D       		.byte	93
 526 01f1 12       		.byte	18
 527 01f2 5F       		.byte	95
 528 01f3 84       		.byte	-124
 529 01f4 88       		.byte	-120
 530 01f5 01       		.byte	1
 531 01f6 89       		.byte	-119
 532 01f7 08       		.byte	8
 533 01f8 92       		.byte	-110
 534 01f9 20       		.byte	32
 535 01fa 94       		.byte	-108
 536 01fb 04       		.byte	4
 537 01fc 95       		.byte	-107
 538 01fd 02       		.byte	2
 539 01fe 97       		.byte	-105
 540 01ff 81       		.byte	-127
 541 0200 9D       		.byte	-99
 542 0201 95       		.byte	-107
 543 0202 9E       		.byte	-98
 544 0203 11       		.byte	17
 545 0204 9F       		.byte	-97
 546 0205 02       		.byte	2
 547 0206 A1       		.byte	-95
 548 0207 02       		.byte	2
 549 0208 A4       		.byte	-92
 550 0209 81       		.byte	-127
 551 020a A5       		.byte	-91
 552 020b 08       		.byte	8
 553 020c A6       		.byte	-90
 554 020d 0A       		.byte	10
 555 020e B2       		.byte	-78
 556 020f 40       		.byte	64
 557 0210 B3       		.byte	-77
 558 0211 10       		.byte	16
 559 0212 B4       		.byte	-76
 560 0213 48       		.byte	72
 561 0214 C0       		.byte	-64
 562 0215 E0       		.byte	-32
 563 0216 C2       		.byte	-62
 564 0217 68       		.byte	104
 565 0218 C4       		.byte	-60
 566 0219 20       		.byte	32
 567 021a CA       		.byte	-54
 568 021b 6F       		.byte	111
 569 021c CC       		.byte	-52
 570 021d 7F       		.byte	127
ARM GAS  C:\Users\au485450\AppData\Local\Temp\ccb0bzz4.s 			page 11


 571 021e CE       		.byte	-50
 572 021f 6F       		.byte	111
 573 0220 D0       		.byte	-48
 574 0221 10       		.byte	16
 575 0222 D2       		.byte	-46
 576 0223 0C       		.byte	12
 577 0224 D6       		.byte	-42
 578 0225 F0       		.byte	-16
 579 0226 00       		.byte	0
 580 0227 81       		.byte	-127
 581 0228 01       		.byte	1
 582 0229 04       		.byte	4
 583 022a 03       		.byte	3
 584 022b 02       		.byte	2
 585 022c 04       		.byte	4
 586 022d F3       		.byte	-13
 587 022e 06       		.byte	6
 588 022f 0C       		.byte	12
 589 0230 08       		.byte	8
 590 0231 03       		.byte	3
 591 0232 09       		.byte	9
 592 0233 06       		.byte	6
 593 0234 0C       		.byte	12
 594 0235 9C       		.byte	-100
 595 0236 0E       		.byte	14
 596 0237 43       		.byte	67
 597 0238 12       		.byte	18
 598 0239 80       		.byte	-128
 599 023a 14       		.byte	20
 600 023b 9F       		.byte	-97
 601 023c 16       		.byte	22
 602 023d 20       		.byte	32
 603 023e 18       		.byte	24
 604 023f FF       		.byte	-1
 605 0240 19       		.byte	25
 606 0241 06       		.byte	6
 607 0242 1C       		.byte	28
 608 0243 02       		.byte	2
 609 0244 20       		.byte	32
 610 0245 08       		.byte	8
 611 0246 24       		.byte	36
 612 0247 04       		.byte	4
 613 0248 25       		.byte	37
 614 0249 02       		.byte	2
 615 024a 27       		.byte	39
 616 024b 05       		.byte	5
 617 024c 28       		.byte	40
 618 024d 0C       		.byte	12
 619 024e 2E       		.byte	46
 620 024f 63       		.byte	99
 621 0250 30       		.byte	48
 622 0251 10       		.byte	16
 623 0252 31       		.byte	49
 624 0253 01       		.byte	1
 625 0254 34       		.byte	52
 626 0255 0F       		.byte	15
 627 0256 36       		.byte	54
ARM GAS  C:\Users\au485450\AppData\Local\Temp\ccb0bzz4.s 			page 12


 628 0257 EC       		.byte	-20
 629 0258 37       		.byte	55
 630 0259 06       		.byte	6
 631 025a 3A       		.byte	58
 632 025b A0       		.byte	-96
 633 025c 3B       		.byte	59
 634 025d 08       		.byte	8
 635 025e 3E       		.byte	62
 636 025f 01       		.byte	1
 637 0260 56       		.byte	86
 638 0261 02       		.byte	2
 639 0262 57       		.byte	87
 640 0263 13       		.byte	19
 641 0264 58       		.byte	88
 642 0265 04       		.byte	4
 643 0266 59       		.byte	89
 644 0267 04       		.byte	4
 645 0268 5B       		.byte	91
 646 0269 04       		.byte	4
 647 026a 5F       		.byte	95
 648 026b 01       		.byte	1
 649 026c 80       		.byte	-128
 650 026d 20       		.byte	32
 651 026e 82       		.byte	-126
 652 026f 03       		.byte	3
 653 0270 84       		.byte	-124
 654 0271 10       		.byte	16
 655 0272 85       		.byte	-123
 656 0273 02       		.byte	2
 657 0274 86       		.byte	-122
 658 0275 0C       		.byte	12
 659 0276 88       		.byte	-120
 660 0277 1C       		.byte	28
 661 0278 8A       		.byte	-118
 662 0279 02       		.byte	2
 663 027a 94       		.byte	-108
 664 027b 09       		.byte	9
 665 027c 96       		.byte	-106
 666 027d 10       		.byte	16
 667 027e 98       		.byte	-104
 668 027f 14       		.byte	20
 669 0280 99       		.byte	-103
 670 0281 03       		.byte	3
 671 0282 9C       		.byte	-100
 672 0283 0C       		.byte	12
 673 0284 9D       		.byte	-99
 674 0285 03       		.byte	3
 675 0286 9E       		.byte	-98
 676 0287 11       		.byte	17
 677 0288 A4       		.byte	-92
 678 0289 10       		.byte	16
 679 028a AB       		.byte	-85
 680 028b 01       		.byte	1
 681 028c B1       		.byte	-79
 682 028d 03       		.byte	3
 683 028e B2       		.byte	-78
 684 028f 20       		.byte	32
ARM GAS  C:\Users\au485450\AppData\Local\Temp\ccb0bzz4.s 			page 13


 685 0290 B6       		.byte	-74
 686 0291 1F       		.byte	31
 687 0292 B9       		.byte	-71
 688 0293 02       		.byte	2
 689 0294 BE       		.byte	-66
 690 0295 04       		.byte	4
 691 0296 BF       		.byte	-65
 692 0297 01       		.byte	1
 693 0298 C0       		.byte	-64
 694 0299 26       		.byte	38
 695 029a C1       		.byte	-63
 696 029b 04       		.byte	4
 697 029c C5       		.byte	-59
 698 029d 0B       		.byte	11
 699 029e C6       		.byte	-58
 700 029f C0       		.byte	-64
 701 02a0 C7       		.byte	-57
 702 02a1 E0       		.byte	-32
 703 02a2 C8       		.byte	-56
 704 02a3 29       		.byte	41
 705 02a4 C9       		.byte	-55
 706 02a5 FF       		.byte	-1
 707 02a6 CA       		.byte	-54
 708 02a7 FF       		.byte	-1
 709 02a8 CB       		.byte	-53
 710 02a9 FF       		.byte	-1
 711 02aa CE       		.byte	-50
 712 02ab F0       		.byte	-16
 713 02ac CF       		.byte	-49
 714 02ad 44       		.byte	68
 715 02ae D0       		.byte	-48
 716 02af 0C       		.byte	12
 717 02b0 D8       		.byte	-40
 718 02b1 04       		.byte	4
 719 02b2 D9       		.byte	-39
 720 02b3 04       		.byte	4
 721 02b4 DA       		.byte	-38
 722 02b5 04       		.byte	4
 723 02b6 DF       		.byte	-33
 724 02b7 01       		.byte	1
 725 02b8 E6       		.byte	-26
 726 02b9 C0       		.byte	-64
 727 02ba EA       		.byte	-22
 728 02bb 40       		.byte	64
 729 02bc EB       		.byte	-21
 730 02bd 02       		.byte	2
 731 02be 00       		.byte	0
 732 02bf 06       		.byte	6
 733 02c0 01       		.byte	1
 734 02c1 80       		.byte	-128
 735 02c2 02       		.byte	2
 736 02c3 09       		.byte	9
 737 02c4 03       		.byte	3
 738 02c5 02       		.byte	2
 739 02c6 04       		.byte	4
 740 02c7 01       		.byte	1
 741 02c8 06       		.byte	6
ARM GAS  C:\Users\au485450\AppData\Local\Temp\ccb0bzz4.s 			page 14


 742 02c9 08       		.byte	8
 743 02ca 07       		.byte	7
 744 02cb 20       		.byte	32
 745 02cc 0A       		.byte	10
 746 02cd 28       		.byte	40
 747 02ce 0B       		.byte	11
 748 02cf 41       		.byte	65
 749 02d0 0C       		.byte	12
 750 02d1 40       		.byte	64
 751 02d2 0E       		.byte	14
 752 02d3 20       		.byte	32
 753 02d4 0F       		.byte	15
 754 02d5 08       		.byte	8
 755 02d6 10       		.byte	16
 756 02d7 80       		.byte	-128
 757 02d8 12       		.byte	18
 758 02d9 02       		.byte	2
 759 02da 13       		.byte	19
 760 02db 14       		.byte	20
 761 02dc 16       		.byte	22
 762 02dd 20       		.byte	32
 763 02de 18       		.byte	24
 764 02df 04       		.byte	4
 765 02e0 19       		.byte	25
 766 02e1 81       		.byte	-127
 767 02e2 1C       		.byte	28
 768 02e3 01       		.byte	1
 769 02e4 1E       		.byte	30
 770 02e5 10       		.byte	16
 771 02e6 21       		.byte	33
 772 02e7 08       		.byte	8
 773 02e8 22       		.byte	34
 774 02e9 04       		.byte	4
 775 02ea 23       		.byte	35
 776 02eb 41       		.byte	65
 777 02ec 27       		.byte	39
 778 02ed 40       		.byte	64
 779 02ee 28       		.byte	40
 780 02ef 20       		.byte	32
 781 02f0 2D       		.byte	45
 782 02f1 20       		.byte	32
 783 02f2 2F       		.byte	47
 784 02f3 08       		.byte	8
 785 02f4 33       		.byte	51
 786 02f5 10       		.byte	16
 787 02f6 34       		.byte	52
 788 02f7 40       		.byte	64
 789 02f8 36       		.byte	54
 790 02f9 80       		.byte	-128
 791 02fa 37       		.byte	55
 792 02fb 20       		.byte	32
 793 02fc 39       		.byte	57
 794 02fd 20       		.byte	32
 795 02fe 3B       		.byte	59
 796 02ff 01       		.byte	1
 797 0300 3E       		.byte	62
 798 0301 0C       		.byte	12
ARM GAS  C:\Users\au485450\AppData\Local\Temp\ccb0bzz4.s 			page 15


 799 0302 44       		.byte	68
 800 0303 40       		.byte	64
 801 0304 47       		.byte	71
 802 0305 20       		.byte	32
 803 0306 4D       		.byte	77
 804 0307 20       		.byte	32
 805 0308 4F       		.byte	79
 806 0309 08       		.byte	8
 807 030a 56       		.byte	86
 808 030b 02       		.byte	2
 809 030c 57       		.byte	87
 810 030d 20       		.byte	32
 811 030e 59       		.byte	89
 812 030f 01       		.byte	1
 813 0310 69       		.byte	105
 814 0311 20       		.byte	32
 815 0312 6A       		.byte	106
 816 0313 80       		.byte	-128
 817 0314 6B       		.byte	107
 818 0315 10       		.byte	16
 819 0316 70       		.byte	112
 820 0317 80       		.byte	-128
 821 0318 71       		.byte	113
 822 0319 14       		.byte	20
 823 031a 73       		.byte	115
 824 031b 14       		.byte	20
 825 031c 82       		.byte	-126
 826 031d 10       		.byte	16
 827 031e 88       		.byte	-120
 828 031f 21       		.byte	33
 829 0320 92       		.byte	-110
 830 0321 24       		.byte	36
 831 0322 94       		.byte	-108
 832 0323 04       		.byte	4
 833 0324 95       		.byte	-107
 834 0325 20       		.byte	32
 835 0326 96       		.byte	-106
 836 0327 80       		.byte	-128
 837 0328 97       		.byte	-105
 838 0329 01       		.byte	1
 839 032a 9A       		.byte	-102
 840 032b 20       		.byte	32
 841 032c 9B       		.byte	-101
 842 032d 20       		.byte	32
 843 032e 9C       		.byte	-100
 844 032f 20       		.byte	32
 845 0330 9D       		.byte	-99
 846 0331 14       		.byte	20
 847 0332 9E       		.byte	-98
 848 0333 03       		.byte	3
 849 0334 9F       		.byte	-97
 850 0335 50       		.byte	80
 851 0336 A2       		.byte	-94
 852 0337 9A       		.byte	-102
 853 0338 A3       		.byte	-93
 854 0339 08       		.byte	8
 855 033a A4       		.byte	-92
ARM GAS  C:\Users\au485450\AppData\Local\Temp\ccb0bzz4.s 			page 16


 856 033b 81       		.byte	-127
 857 033c A5       		.byte	-91
 858 033d 08       		.byte	8
 859 033e A7       		.byte	-89
 860 033f 22       		.byte	34
 861 0340 AD       		.byte	-83
 862 0341 10       		.byte	16
 863 0342 AF       		.byte	-81
 864 0343 20       		.byte	32
 865 0344 C0       		.byte	-64
 866 0345 7F       		.byte	127
 867 0346 C2       		.byte	-62
 868 0347 EF       		.byte	-17
 869 0348 C4       		.byte	-60
 870 0349 2F       		.byte	47
 871 034a CA       		.byte	-54
 872 034b 22       		.byte	34
 873 034c CC       		.byte	-52
 874 034d 34       		.byte	52
 875 034e CE       		.byte	-50
 876 034f 45       		.byte	69
 877 0350 D0       		.byte	-48
 878 0351 A0       		.byte	-96
 879 0352 D2       		.byte	-46
 880 0353 20       		.byte	32
 881 0354 D6       		.byte	-42
 882 0355 01       		.byte	1
 883 0356 E0       		.byte	-32
 884 0357 01       		.byte	1
 885 0358 32       		.byte	50
 886 0359 20       		.byte	32
 887 035a CC       		.byte	-52
 888 035b 10       		.byte	16
 889 035c A6       		.byte	-90
 890 035d 20       		.byte	32
 891 035e A6       		.byte	-90
 892 035f 20       		.byte	32
 893 0360 86       		.byte	-122
 894 0361 20       		.byte	32
 895 0362 A6       		.byte	-90
 896 0363 20       		.byte	32
 897 0364 E6       		.byte	-26
 898 0365 40       		.byte	64
 899 0366 57       		.byte	87
 900 0367 04       		.byte	4
 901 0368 D4       		.byte	-44
 902 0369 02       		.byte	2
 903 036a B7       		.byte	-73
 904 036b 04       		.byte	4
 905 036c E8       		.byte	-24
 906 036d 02       		.byte	2
 907 036e 10       		.byte	16
 908 036f 40       		.byte	64
 909 0370 71       		.byte	113
 910 0371 02       		.byte	2
 911 0372 81       		.byte	-127
 912 0373 02       		.byte	2
ARM GAS  C:\Users\au485450\AppData\Local\Temp\ccb0bzz4.s 			page 17


 913 0374 88       		.byte	-120
 914 0375 40       		.byte	64
 915 0376 C4       		.byte	-60
 916 0377 08       		.byte	8
 917 0378 DC       		.byte	-36
 918 0379 01       		.byte	1
 919 037a E2       		.byte	-30
 920 037b 01       		.byte	1
 921 037c 00       		.byte	0
 922 037d 03       		.byte	3
 923 037e 0C       		.byte	12
 924 037f 03       		.byte	3
 925 0380 10       		.byte	16
 926 0381 03       		.byte	3
 927 0382 1C       		.byte	28
 928 0383 03       		.byte	3
 929 0384 00       		.byte	0
 930 0385 03       		.byte	3
 931 0386 00       		.byte	0
 932 0387 00       		.byte	0
 933 0388 00       		.byte	0
 934 0389 00       		.byte	0
 935 038a 04       		.byte	4
 936 038b 09       		.byte	9
 937 038c 00       		.byte	0
 938 038d 09       		.byte	9
 939 038e 01       		.byte	1
 940 038f 06       		.byte	6
 941 0390 00       		.byte	0
 942 0391 0F       		.byte	15
 943 0392 08       		.byte	8
 944 0393 00       		.byte	0
 945 0394 00       		.byte	0
 946 0395 00       		.byte	0
 947 0396 10       		.byte	16
 948 0397 10       		.byte	16
 949 0398 00       		.byte	0
 950 0399 00       		.byte	0
 951 039a 00       		.byte	0
 952 039b 10       		.byte	16
 953 039c 01       		.byte	1
 954 039d 06       		.byte	6
 955 039e 00       		.byte	0
 956 039f 00       		.byte	0
 957 03a0 01       		.byte	1
 958 03a1 06       		.byte	6
 959 03a2 00       		.byte	0
 960 03a3 09       		.byte	9
 961 03a4 00       		.byte	0
 962 03a5 04       		.byte	4
 963 03a6 04       		.byte	4
 964 03a7 00       		.byte	0
 965 03a8 00       		.byte	0
 966 03a9 07       		.byte	7
 967 03aa 08       		.byte	8
 968 03ab 08       		.byte	8
 969 03ac 00       		.byte	0
ARM GAS  C:\Users\au485450\AppData\Local\Temp\ccb0bzz4.s 			page 18


 970 03ad 00       		.byte	0
 971 03ae 10       		.byte	16
 972 03af 00       		.byte	0
 973 03b0 00       		.byte	0
 974 03b1 02       		.byte	2
 975 03b2 02       		.byte	2
 976 03b3 00       		.byte	0
 977 03b4 00       		.byte	0
 978 03b5 00       		.byte	0
 979 03b6 01       		.byte	1
 980 03b7 00       		.byte	0
 981 03b8 10       		.byte	16
 982 03b9 07       		.byte	7
 983 03ba 01       		.byte	1
 984 03bb 10       		.byte	16
 985 03bc 08       		.byte	8
 986 03bd 0E       		.byte	14
 987 03be 06       		.byte	6
 988 03bf 00       		.byte	0
 989 03c0 08       		.byte	8
 990 03c1 00       		.byte	0
 991 03c2 00       		.byte	0
 992 03c3 20       		.byte	32
 993 03c4 00       		.byte	0
 994 03c5 00       		.byte	0
 995 03c6 51       		.byte	81
 996 03c7 04       		.byte	4
 997 03c8 25       		.byte	37
 998 03c9 03       		.byte	3
 999 03ca 04       		.byte	4
 1000 03cb 00       		.byte	0
 1001 03cc 01       		.byte	1
 1002 03cd E0       		.byte	-32
 1003 03ce 0C       		.byte	12
 1004 03cf 00       		.byte	0
 1005 03d0 06       		.byte	6
 1006 03d1 FF       		.byte	-1
 1007 03d2 FF       		.byte	-1
 1008 03d3 FF       		.byte	-1
 1009 03d4 62       		.byte	98
 1010 03d5 A0       		.byte	-96
 1011 03d6 F0       		.byte	-16
 1012 03d7 41       		.byte	65
 1013 03d8 0C       		.byte	12
 1014 03d9 00       		.byte	0
 1015 03da 80       		.byte	-128
 1016 03db 00       		.byte	0
 1017 03dc 05       		.byte	5
 1018 03dd 00       		.byte	0
 1019 03de 00       		.byte	0
 1020 03df 00       		.byte	0
 1021 03e0 04       		.byte	4
 1022 03e1 04       		.byte	4
 1023 03e2 04       		.byte	4
 1024 03e3 04       		.byte	4
 1025 03e4 00       		.byte	0
 1026 03e5 10       		.byte	16
ARM GAS  C:\Users\au485450\AppData\Local\Temp\ccb0bzz4.s 			page 19


 1027 03e6 00       		.byte	0
 1028 03e7 01       		.byte	1
 1029 03e8 00       		.byte	0
 1030 03e9 00       		.byte	0
 1031 03ea 00       		.byte	0
 1032 03eb 00       		.byte	0
 1033 03ec 00       		.byte	0
 1034 03ed 00       		.byte	0
 1035 03ee 40       		.byte	64
 1036 03ef 02       		.byte	2
 1037 03f0 00       		.byte	0
 1038 03f1 10       		.byte	16
 1039 03f2 30       		.byte	48
 1040 03f3 10       		.byte	16
 1041 03f4 00       		.byte	0
 1042 03f5 10       		.byte	16
 1043 03f6 10       		.byte	16
 1044 03f7 12       		.byte	18
 1045 03f8 00       		.byte	0
 1046 03f9 00       		.byte	0
 1047 03fa 00       		.byte	0
 1048 03fb 00       		.byte	0
 1049 03fc 00       		.byte	0
 1050 03fd 00       		.byte	0
 1051 03fe 00       		.byte	0
 1052 03ff 00       		.byte	0
 1053 0400 00       		.byte	0
 1054 0401 00       		.byte	0
 1055 0402 00       		.byte	0
 1056 0403 00       		.byte	0
 1057 0404 00       		.byte	0
 1058 0405 00       		.byte	0
 1059 0406 00       		.byte	0
 1060 0407 00       		.byte	0
 1061 0408 80       		.byte	-128
 1062 0409 00       		.byte	0
 1063 040a 40       		.byte	64
 1064 040b 80       		.byte	-128
 1065 040c 80       		.byte	-128
 1066 040d 00       		.byte	0
 1067 040e 80       		.byte	-128
 1068 040f 00       		.byte	0
 1069 0410 00       		.byte	0
 1070 0411 00       		.byte	0
 1071 0412 00       		.byte	0
 1072 0413 00       		.byte	0
 1073 0414 00       		.byte	0
 1074 0415 0B       		.byte	11
 1075 0416 0B       		.byte	11
 1076 0417 00       		.byte	0
 1077 0418 00       		.byte	0
 1078 0419 00       		.byte	0
 1079 041a 00       		.byte	0
 1080 041b 00       		.byte	0
 1081 041c 00       		.byte	0
 1082 041d 02       		.byte	2
 1083 041e 02       		.byte	2
ARM GAS  C:\Users\au485450\AppData\Local\Temp\ccb0bzz4.s 			page 20


 1084 041f 00       		.byte	0
 1085 0420 02       		.byte	2
 1086 0421 00       		.byte	0
 1087 0422 00       		.byte	0
 1088 0423 00       		.byte	0
 1089              		.section	.cywolatch,"a",%progbits
 1090              		.align	2
 1091              		.type	cy_meta_wonvl, %object
 1092              		.size	cy_meta_wonvl, 4
 1093              	cy_meta_wonvl:
 1094 0000 BC       		.byte	-68
 1095 0001 90       		.byte	-112
 1096 0002 AC       		.byte	-84
 1097 0003 AF       		.byte	-81
 1098              		.section	.cycustnvl,"a",%progbits
 1099              		.align	2
 1100              		.type	cy_meta_custnvl, %object
 1101              		.size	cy_meta_custnvl, 4
 1102              	cy_meta_custnvl:
 1103 0000 00       		.byte	0
 1104 0001 00       		.byte	0
 1105 0002 40       		.byte	64
 1106 0003 05       		.byte	5
 1107              		.section	.cymeta,"a",%progbits
 1108              		.align	2
 1109              		.type	cy_metadata, %object
 1110              		.size	cy_metadata, 12
 1111              	cy_metadata:
 1112 0000 00       		.byte	0
 1113 0001 01       		.byte	1
 1114 0002 2E       		.byte	46
 1115 0003 16       		.byte	22
 1116 0004 10       		.byte	16
 1117 0005 69       		.byte	105
 1118 0006 00       		.byte	0
 1119 0007 01       		.byte	1
 1120 0008 00       		.byte	0
 1121 0009 00       		.byte	0
 1122 000a 00       		.byte	0
 1123 000b 00       		.byte	0
 1124              		.section	.cyflashprotect,"a",%progbits
 1125              		.align	2
 1126              		.type	cy_meta_flashprotect, %object
 1127              		.size	cy_meta_flashprotect, 256
 1128              	cy_meta_flashprotect:
 1129 0000 00000000 		.space	256
 1129      00000000 
 1129      00000000 
 1129      00000000 
 1129      00000000 
 1130              		.text
 1131              	.Letext0:
 1132              		.file 1 "c:\\program files (x86)\\cypress\\psoc creator\\4.4\\psoc creator\\import\\gnu\\arm\\5.4.
 1133              		.file 2 "c:\\program files (x86)\\cypress\\psoc creator\\4.4\\psoc creator\\import\\gnu\\arm\\5.4.
 1134              		.file 3 "Generated_Source\\PSoC5\\cymetadata.c"
 1135              		.section	.debug_info,"",%progbits
 1136              	.Ldebug_info0:
ARM GAS  C:\Users\au485450\AppData\Local\Temp\ccb0bzz4.s 			page 21


 1137 0000 31010000 		.4byte	0x131
 1138 0004 0400     		.2byte	0x4
 1139 0006 00000000 		.4byte	.Ldebug_abbrev0
 1140 000a 04       		.byte	0x4
 1141 000b 01       		.uleb128 0x1
 1142 000c 24000000 		.4byte	.LASF17
 1143 0010 0C       		.byte	0xc
 1144 0011 BB010000 		.4byte	.LASF18
 1145 0015 F9000000 		.4byte	.LASF19
 1146 0019 00000000 		.4byte	.Ldebug_line0
 1147 001d 02       		.uleb128 0x2
 1148 001e 01       		.byte	0x1
 1149 001f 06       		.byte	0x6
 1150 0020 AF010000 		.4byte	.LASF0
 1151 0024 03       		.uleb128 0x3
 1152 0025 00000000 		.4byte	.LASF9
 1153 0029 01       		.byte	0x1
 1154 002a 1D       		.byte	0x1d
 1155 002b 2F000000 		.4byte	0x2f
 1156 002f 02       		.uleb128 0x2
 1157 0030 01       		.byte	0x1
 1158 0031 08       		.byte	0x8
 1159 0032 16000000 		.4byte	.LASF1
 1160 0036 02       		.uleb128 0x2
 1161 0037 02       		.byte	0x2
 1162 0038 05       		.byte	0x5
 1163 0039 9C010000 		.4byte	.LASF2
 1164 003d 02       		.uleb128 0x2
 1165 003e 02       		.byte	0x2
 1166 003f 07       		.byte	0x7
 1167 0040 C4000000 		.4byte	.LASF3
 1168 0044 02       		.uleb128 0x2
 1169 0045 04       		.byte	0x4
 1170 0046 05       		.byte	0x5
 1171 0047 A6010000 		.4byte	.LASF4
 1172 004b 02       		.uleb128 0x2
 1173 004c 04       		.byte	0x4
 1174 004d 07       		.byte	0x7
 1175 004e B2000000 		.4byte	.LASF5
 1176 0052 02       		.uleb128 0x2
 1177 0053 08       		.byte	0x8
 1178 0054 05       		.byte	0x5
 1179 0055 8E010000 		.4byte	.LASF6
 1180 0059 02       		.uleb128 0x2
 1181 005a 08       		.byte	0x8
 1182 005b 07       		.byte	0x7
 1183 005c 43010000 		.4byte	.LASF7
 1184 0060 04       		.uleb128 0x4
 1185 0061 04       		.byte	0x4
 1186 0062 05       		.byte	0x5
 1187 0063 696E7400 		.ascii	"int\000"
 1188 0067 02       		.uleb128 0x2
 1189 0068 04       		.byte	0x4
 1190 0069 07       		.byte	0x7
 1191 006a 36010000 		.4byte	.LASF8
 1192 006e 03       		.uleb128 0x3
 1193 006f 5A010000 		.4byte	.LASF10
ARM GAS  C:\Users\au485450\AppData\Local\Temp\ccb0bzz4.s 			page 22


 1194 0073 02       		.byte	0x2
 1195 0074 18       		.byte	0x18
 1196 0075 24000000 		.4byte	0x24
 1197 0079 05       		.uleb128 0x5
 1198 007a 91000000 		.4byte	0x91
 1199 007e 8A000000 		.4byte	0x8a
 1200 0082 06       		.uleb128 0x6
 1201 0083 8A000000 		.4byte	0x8a
 1202 0087 2304     		.2byte	0x423
 1203 0089 00       		.byte	0
 1204 008a 02       		.uleb128 0x2
 1205 008b 04       		.byte	0x4
 1206 008c 07       		.byte	0x7
 1207 008d 85010000 		.4byte	.LASF11
 1208 0091 07       		.uleb128 0x7
 1209 0092 6E000000 		.4byte	0x6e
 1210 0096 08       		.uleb128 0x8
 1211 0097 E7000000 		.4byte	.LASF12
 1212 009b 03       		.byte	0x3
 1213 009c 1F       		.byte	0x1f
 1214 009d A7000000 		.4byte	0xa7
 1215 00a1 05       		.uleb128 0x5
 1216 00a2 03       		.byte	0x3
 1217 00a3 00000000 		.4byte	cy_meta_configecc
 1218 00a7 07       		.uleb128 0x7
 1219 00a8 79000000 		.4byte	0x79
 1220 00ac 05       		.uleb128 0x5
 1221 00ad 91000000 		.4byte	0x91
 1222 00b1 BC000000 		.4byte	0xbc
 1223 00b5 09       		.uleb128 0x9
 1224 00b6 8A000000 		.4byte	0x8a
 1225 00ba 03       		.byte	0x3
 1226 00bb 00       		.byte	0
 1227 00bc 08       		.uleb128 0x8
 1228 00bd D7000000 		.4byte	.LASF13
 1229 00c1 03       		.byte	0x3
 1230 00c2 B1       		.byte	0xb1
 1231 00c3 CD000000 		.4byte	0xcd
 1232 00c7 05       		.uleb128 0x5
 1233 00c8 03       		.byte	0x3
 1234 00c9 00000000 		.4byte	cy_meta_custnvl
 1235 00cd 07       		.uleb128 0x7
 1236 00ce AC000000 		.4byte	0xac
 1237 00d2 08       		.uleb128 0x8
 1238 00d3 77010000 		.4byte	.LASF14
 1239 00d7 03       		.byte	0x3
 1240 00d8 BF       		.byte	0xbf
 1241 00d9 E3000000 		.4byte	0xe3
 1242 00dd 05       		.uleb128 0x5
 1243 00de 03       		.byte	0x3
 1244 00df 00000000 		.4byte	cy_meta_wonvl
 1245 00e3 07       		.uleb128 0x7
 1246 00e4 AC000000 		.4byte	0xac
 1247 00e8 05       		.uleb128 0x5
 1248 00e9 91000000 		.4byte	0x91
 1249 00ed F8000000 		.4byte	0xf8
 1250 00f1 09       		.uleb128 0x9
ARM GAS  C:\Users\au485450\AppData\Local\Temp\ccb0bzz4.s 			page 23


 1251 00f2 8A000000 		.4byte	0x8a
 1252 00f6 FF       		.byte	0xff
 1253 00f7 00       		.byte	0
 1254 00f8 08       		.uleb128 0x8
 1255 00f9 62010000 		.4byte	.LASF15
 1256 00fd 03       		.byte	0x3
 1257 00fe CD       		.byte	0xcd
 1258 00ff 09010000 		.4byte	0x109
 1259 0103 05       		.uleb128 0x5
 1260 0104 03       		.byte	0x3
 1261 0105 00000000 		.4byte	cy_meta_flashprotect
 1262 0109 07       		.uleb128 0x7
 1263 010a E8000000 		.4byte	0xe8
 1264 010e 05       		.uleb128 0x5
 1265 010f 91000000 		.4byte	0x91
 1266 0113 1E010000 		.4byte	0x11e
 1267 0117 09       		.uleb128 0x9
 1268 0118 8A000000 		.4byte	0x8a
 1269 011c 0B       		.byte	0xb
 1270 011d 00       		.byte	0
 1271 011e 08       		.uleb128 0x8
 1272 011f 0A000000 		.4byte	.LASF16
 1273 0123 03       		.byte	0x3
 1274 0124 FA       		.byte	0xfa
 1275 0125 2F010000 		.4byte	0x12f
 1276 0129 05       		.uleb128 0x5
 1277 012a 03       		.byte	0x3
 1278 012b 00000000 		.4byte	cy_metadata
 1279 012f 07       		.uleb128 0x7
 1280 0130 0E010000 		.4byte	0x10e
 1281 0134 00       		.byte	0
 1282              		.section	.debug_abbrev,"",%progbits
 1283              	.Ldebug_abbrev0:
 1284 0000 01       		.uleb128 0x1
 1285 0001 11       		.uleb128 0x11
 1286 0002 01       		.byte	0x1
 1287 0003 25       		.uleb128 0x25
 1288 0004 0E       		.uleb128 0xe
 1289 0005 13       		.uleb128 0x13
 1290 0006 0B       		.uleb128 0xb
 1291 0007 03       		.uleb128 0x3
 1292 0008 0E       		.uleb128 0xe
 1293 0009 1B       		.uleb128 0x1b
 1294 000a 0E       		.uleb128 0xe
 1295 000b 10       		.uleb128 0x10
 1296 000c 17       		.uleb128 0x17
 1297 000d 00       		.byte	0
 1298 000e 00       		.byte	0
 1299 000f 02       		.uleb128 0x2
 1300 0010 24       		.uleb128 0x24
 1301 0011 00       		.byte	0
 1302 0012 0B       		.uleb128 0xb
 1303 0013 0B       		.uleb128 0xb
 1304 0014 3E       		.uleb128 0x3e
 1305 0015 0B       		.uleb128 0xb
 1306 0016 03       		.uleb128 0x3
 1307 0017 0E       		.uleb128 0xe
ARM GAS  C:\Users\au485450\AppData\Local\Temp\ccb0bzz4.s 			page 24


 1308 0018 00       		.byte	0
 1309 0019 00       		.byte	0
 1310 001a 03       		.uleb128 0x3
 1311 001b 16       		.uleb128 0x16
 1312 001c 00       		.byte	0
 1313 001d 03       		.uleb128 0x3
 1314 001e 0E       		.uleb128 0xe
 1315 001f 3A       		.uleb128 0x3a
 1316 0020 0B       		.uleb128 0xb
 1317 0021 3B       		.uleb128 0x3b
 1318 0022 0B       		.uleb128 0xb
 1319 0023 49       		.uleb128 0x49
 1320 0024 13       		.uleb128 0x13
 1321 0025 00       		.byte	0
 1322 0026 00       		.byte	0
 1323 0027 04       		.uleb128 0x4
 1324 0028 24       		.uleb128 0x24
 1325 0029 00       		.byte	0
 1326 002a 0B       		.uleb128 0xb
 1327 002b 0B       		.uleb128 0xb
 1328 002c 3E       		.uleb128 0x3e
 1329 002d 0B       		.uleb128 0xb
 1330 002e 03       		.uleb128 0x3
 1331 002f 08       		.uleb128 0x8
 1332 0030 00       		.byte	0
 1333 0031 00       		.byte	0
 1334 0032 05       		.uleb128 0x5
 1335 0033 01       		.uleb128 0x1
 1336 0034 01       		.byte	0x1
 1337 0035 49       		.uleb128 0x49
 1338 0036 13       		.uleb128 0x13
 1339 0037 01       		.uleb128 0x1
 1340 0038 13       		.uleb128 0x13
 1341 0039 00       		.byte	0
 1342 003a 00       		.byte	0
 1343 003b 06       		.uleb128 0x6
 1344 003c 21       		.uleb128 0x21
 1345 003d 00       		.byte	0
 1346 003e 49       		.uleb128 0x49
 1347 003f 13       		.uleb128 0x13
 1348 0040 2F       		.uleb128 0x2f
 1349 0041 05       		.uleb128 0x5
 1350 0042 00       		.byte	0
 1351 0043 00       		.byte	0
 1352 0044 07       		.uleb128 0x7
 1353 0045 26       		.uleb128 0x26
 1354 0046 00       		.byte	0
 1355 0047 49       		.uleb128 0x49
 1356 0048 13       		.uleb128 0x13
 1357 0049 00       		.byte	0
 1358 004a 00       		.byte	0
 1359 004b 08       		.uleb128 0x8
 1360 004c 34       		.uleb128 0x34
 1361 004d 00       		.byte	0
 1362 004e 03       		.uleb128 0x3
 1363 004f 0E       		.uleb128 0xe
 1364 0050 3A       		.uleb128 0x3a
ARM GAS  C:\Users\au485450\AppData\Local\Temp\ccb0bzz4.s 			page 25


 1365 0051 0B       		.uleb128 0xb
 1366 0052 3B       		.uleb128 0x3b
 1367 0053 0B       		.uleb128 0xb
 1368 0054 49       		.uleb128 0x49
 1369 0055 13       		.uleb128 0x13
 1370 0056 3F       		.uleb128 0x3f
 1371 0057 19       		.uleb128 0x19
 1372 0058 02       		.uleb128 0x2
 1373 0059 18       		.uleb128 0x18
 1374 005a 00       		.byte	0
 1375 005b 00       		.byte	0
 1376 005c 09       		.uleb128 0x9
 1377 005d 21       		.uleb128 0x21
 1378 005e 00       		.byte	0
 1379 005f 49       		.uleb128 0x49
 1380 0060 13       		.uleb128 0x13
 1381 0061 2F       		.uleb128 0x2f
 1382 0062 0B       		.uleb128 0xb
 1383 0063 00       		.byte	0
 1384 0064 00       		.byte	0
 1385 0065 00       		.byte	0
 1386              		.section	.debug_aranges,"",%progbits
 1387 0000 14000000 		.4byte	0x14
 1388 0004 0200     		.2byte	0x2
 1389 0006 00000000 		.4byte	.Ldebug_info0
 1390 000a 04       		.byte	0x4
 1391 000b 00       		.byte	0
 1392 000c 0000     		.2byte	0
 1393 000e 0000     		.2byte	0
 1394 0010 00000000 		.4byte	0
 1395 0014 00000000 		.4byte	0
 1396              		.section	.debug_line,"",%progbits
 1397              	.Ldebug_line0:
 1398 0000 3D010000 		.section	.debug_str,"MS",%progbits,1
 1398      02003701 
 1398      00000201 
 1398      FB0E0D00 
 1398      01010101 
 1399              	.LASF9:
 1400 0000 5F5F7569 		.ascii	"__uint8_t\000"
 1400      6E74385F 
 1400      7400
 1401              	.LASF16:
 1402 000a 63795F6D 		.ascii	"cy_metadata\000"
 1402      65746164 
 1402      61746100 
 1403              	.LASF1:
 1404 0016 756E7369 		.ascii	"unsigned char\000"
 1404      676E6564 
 1404      20636861 
 1404      7200
 1405              	.LASF17:
 1406 0024 474E5520 		.ascii	"GNU C11 5.4.1 20160609 (release) [ARM/embedded-5-br"
 1406      43313120 
 1406      352E342E 
 1406      31203230 
 1406      31363036 
ARM GAS  C:\Users\au485450\AppData\Local\Temp\ccb0bzz4.s 			page 26


 1407 0057 616E6368 		.ascii	"anch revision 237715] -mcpu=cortex-m3 -mthumb -g -O"
 1407      20726576 
 1407      6973696F 
 1407      6E203233 
 1407      37373135 
 1408 008a 67202D66 		.ascii	"g -ffunction-sections -ffat-lto-objects\000"
 1408      66756E63 
 1408      74696F6E 
 1408      2D736563 
 1408      74696F6E 
 1409              	.LASF5:
 1410 00b2 6C6F6E67 		.ascii	"long unsigned int\000"
 1410      20756E73 
 1410      69676E65 
 1410      6420696E 
 1410      7400
 1411              	.LASF3:
 1412 00c4 73686F72 		.ascii	"short unsigned int\000"
 1412      7420756E 
 1412      7369676E 
 1412      65642069 
 1412      6E7400
 1413              	.LASF13:
 1414 00d7 63795F6D 		.ascii	"cy_meta_custnvl\000"
 1414      6574615F 
 1414      63757374 
 1414      6E766C00 
 1415              	.LASF12:
 1416 00e7 63795F6D 		.ascii	"cy_meta_configecc\000"
 1416      6574615F 
 1416      636F6E66 
 1416      69676563 
 1416      6300
 1417              	.LASF19:
 1418 00f9 433A5C55 		.ascii	"C:\\Users\\au485450\\Uni_code\\2_semester\\GFV\\DC-"
 1418      73657273 
 1418      5C617534 
 1418      38353435 
 1418      305C556E 
 1419 0126 4D6F746F 		.ascii	"Motor-PWM.cydsn\000"
 1419      722D5057 
 1419      4D2E6379 
 1419      64736E00 
 1420              	.LASF8:
 1421 0136 756E7369 		.ascii	"unsigned int\000"
 1421      676E6564 
 1421      20696E74 
 1421      00
 1422              	.LASF7:
 1423 0143 6C6F6E67 		.ascii	"long long unsigned int\000"
 1423      206C6F6E 
 1423      6720756E 
 1423      7369676E 
 1423      65642069 
 1424              	.LASF10:
 1425 015a 75696E74 		.ascii	"uint8_t\000"
 1425      385F7400 
ARM GAS  C:\Users\au485450\AppData\Local\Temp\ccb0bzz4.s 			page 27


 1426              	.LASF15:
 1427 0162 63795F6D 		.ascii	"cy_meta_flashprotect\000"
 1427      6574615F 
 1427      666C6173 
 1427      6870726F 
 1427      74656374 
 1428              	.LASF14:
 1429 0177 63795F6D 		.ascii	"cy_meta_wonvl\000"
 1429      6574615F 
 1429      776F6E76 
 1429      6C00
 1430              	.LASF11:
 1431 0185 73697A65 		.ascii	"sizetype\000"
 1431      74797065 
 1431      00
 1432              	.LASF6:
 1433 018e 6C6F6E67 		.ascii	"long long int\000"
 1433      206C6F6E 
 1433      6720696E 
 1433      7400
 1434              	.LASF2:
 1435 019c 73686F72 		.ascii	"short int\000"
 1435      7420696E 
 1435      7400
 1436              	.LASF4:
 1437 01a6 6C6F6E67 		.ascii	"long int\000"
 1437      20696E74 
 1437      00
 1438              	.LASF0:
 1439 01af 7369676E 		.ascii	"signed char\000"
 1439      65642063 
 1439      68617200 
 1440              	.LASF18:
 1441 01bb 47656E65 		.ascii	"Generated_Source\\PSoC5\\cymetadata.c\000"
 1441      72617465 
 1441      645F536F 
 1441      75726365 
 1441      5C50536F 
 1442              		.ident	"GCC: (GNU Tools for ARM Embedded Processors) 5.4.1 20160609 (release) [ARM/embedded-5-bran
